<?xml version="1.0" encoding="UTF-8"?>
<testng-results ignored="0" total="1" passed="1" failed="0" skipped="0">
  <reporter-output>
  </reporter-output>
  <suite started-at="2024-08-29T11:36:48 IST" name="Default suite" finished-at="2024-08-29T11:37:03 IST" duration-ms="15399">
    <groups>
    </groups>
    <test started-at="2024-08-29T11:36:48 IST" name="Default test" finished-at="2024-08-29T11:37:03 IST" duration-ms="15399">
      <class name="testpkg.saucetest">
        <test-method is-config="true" signature="precondition()[pri:0, instance:testpkg.saucetest@75437611]" started-at="2024-08-29T11:36:48 IST" name="precondition" finished-at="2024-08-29T11:36:55 IST" duration-ms="7465" status="PASS">
          <reporter-output>
          </reporter-output>
        </test-method> <!-- precondition -->
        <test-method signature="verifyLoginWithValidCred()[pri:0, instance:testpkg.saucetest@75437611]" started-at="2024-08-29T11:36:55 IST" name="verifyLoginWithValidCred" finished-at="2024-08-29T11:37:03 IST" duration-ms="7851" status="PASS">
          <reporter-output>
          </reporter-output>
        </test-method> <!-- verifyLoginWithValidCred -->
      </class> <!-- testpkg.saucetest -->
    </test> <!-- Default test -->
  </suite> <!-- Default suite -->
</testng-results>
